2023-08-31 20:01:56,903.user_math_lucimcdaniel.INFO ==================================================
2023-08-31 20:01:56,903.user_math_lucimcdaniel.INFO Today is 2023-08-31 at 08:01 PM
2023-08-31 20:01:56,919.user_math_lucimcdaniel.INFO Running on: nt Windows 10
2023-08-31 20:01:56,919.user_math_lucimcdaniel.INFO Python version:  3.11.4
2023-08-31 20:01:56,919.user_math_lucimcdaniel.INFO Python path: C:\Users\lucim\AppData\Local\Programs\Python\Python311
2023-08-31 20:01:56,919.user_math_lucimcdaniel.INFO Working dir: C:\Users\lucim\Data Fundamentals Repo\datafun-02-functions
2023-08-31 20:01:56,919.user_math_lucimcdaniel.INFO ==================================================
2023-08-31 20:01:56,919.user_math_lucimcdaniel.INFO Calling get_total_in_fostercare (199969, 191037)
2023-08-31 20:01:56,919.user_math_lucimcdaniel.INFO RETURNING 391006
2023-08-31 20:01:56,919.user_math_lucimcdaniel.INFO Calling get_total_in_fostercare (222644, 213912)
2023-08-31 20:01:56,929.user_math_lucimcdaniel.INFO RETURNING 436556
2023-08-31 20:01:56,929.user_math_lucimcdaniel.INFO Calling get_total_in_fostercare (223042, 214295)
2023-08-31 20:01:56,929.user_math_lucimcdaniel.INFO RETURNING 437337
2023-08-31 20:01:56,929.user_math_lucimcdaniel.INFO Calling get_deficit(1145.44, 503.0)
2023-08-31 20:01:56,930.user_math_lucimcdaniel.INFO RETURNING -642.44
2023-08-31 20:01:56,930.user_math_lucimcdaniel.INFO Absolute value of the deficit = 642.44
2023-08-31 20:01:56,931.user_math_lucimcdaniel.INFO Calling get_percentage_of_males(199969, 391098)
2023-08-31 20:01:56,931.user_math_lucimcdaniel.INFO RETURNING 51.13015152212489
2023-08-31 20:01:56,931.user_math_lucimcdaniel.INFO Rounding down the percentage is 51%
2023-08-31 20:01:56,931.user_math_lucimcdaniel.INFO Calling get_percentage_of_females (191037, 391098)
2023-08-31 20:01:56,932.user_math_lucimcdaniel.INFO RETURNING 48.846324962029975
2023-08-31 20:01:56,932.user_math_lucimcdaniel.INFO Rounding up the percentage is 49%
2023-08-31 20:01:56,932.user_math_lucimcdaniel.INFO Explore some functions in the math module
2023-08-31 20:01:56,932.user_math_lucimcdaniel.INFO math.fabs(deficit) = 642.44
2023-08-31 20:01:56,933.user_math_lucimcdaniel.INFO math.com(5,1) = 5
2023-08-31 20:01:56,933.user_math_lucimcdaniel.INFO math.perm(5,1) = 5
2023-08-31 20:01:56,933.user_math_lucimcdaniel.INFO math.floor(9.7) = 9
2023-08-31 20:01:56,933.user_math_lucimcdaniel.INFO THIS HAS BEEN FUN!
