2023-08-31 21:58:43,371.xtra_p2.INFO ==================================================
2023-08-31 21:58:43,371.xtra_p2.INFO Today is 2023-08-31 at 09:58 PM
2023-08-31 21:58:43,395.xtra_p2.INFO Running on: nt Windows 10
2023-08-31 21:58:43,395.xtra_p2.INFO Python version:  3.11.4
2023-08-31 21:58:43,395.xtra_p2.INFO Python path: C:\Users\lucim\AppData\Local\Programs\Python\Python311
2023-08-31 21:58:43,395.xtra_p2.INFO Working dir: C:\Users\lucim\Data Fundamentals Repo\datafun-02-functions
2023-08-31 21:58:43,395.xtra_p2.INFO ==================================================
2023-08-31 21:58:43,395.xtra_p2.INFO Calling get_sum_two{x}
2023-08-31 21:58:43,395.xtra_p2.INFO Return: {sum}
2023-08-31 21:58:43,395.xtra_p2.INFO CALLING transform_using_keyword_args_with_default_values(input=bearcat, reverse=False)
2023-08-31 21:58:43,395.xtra_p2.INFO RETURNING bearcat
2023-08-31 21:58:43,395.xtra_p2.INFO CALLING transform_using_keyword_args_with_default_values(input=bearcat, reverse=True)
2023-08-31 21:58:43,395.xtra_p2.INFO RETURNING bearcat
2023-08-31 21:58:43,396.xtra_p2.INFO CALLING transform_using_keyword_args_with_default_values(input=hello, reverse=True)
2023-08-31 21:58:43,396.xtra_p2.INFO RETURNING hello
2023-08-31 21:58:43,396.xtra_p2.INFO ===========================================================
2023-08-31 21:58:43,396.xtra_p2.INFO Running doctest.testmod() function to unit test our code
2023-08-31 21:58:43,396.xtra_p2.INFO ===========================================================
2023-08-31 21:58:43,410.xtra_p2.INFO CALLING transform_using_keyword_args_with_default_values(input=bearcat, reverse=False)
2023-08-31 21:58:43,411.xtra_p2.INFO RETURNING bearcat
2023-08-31 21:58:43,412.xtra_p2.INFO CALLING transform_using_keyword_args_with_default_values(input=bearcat, reverse=True)
2023-08-31 21:58:43,413.xtra_p2.INFO RETURNING bearcat
2023-08-31 21:58:43,413.xtra_p2.INFO CALLING transform_using_keyword_args_with_default_values(input=hello, reverse=True)
2023-08-31 21:58:43,414.xtra_p2.INFO RETURNING hello
2023-08-31 21:58:43,421.xtra_p2.ERROR 8 tests failed!
2023-08-31 21:58:43,422.xtra_p2.INFO Script complete. More info in the log file.
